<?xml version="1.0" encoding="UTF-8"?>
<coverage generated="1665612858034" clover="3.2.0">
  <project timestamp="1665612858034" name="All files">
    <metrics statements="255" coveredstatements="238" conditionals="55" coveredconditionals="49" methods="51" coveredmethods="38" elements="361" coveredelements="325" complexity="0" loc="255" ncloc="255" packages="5" files="14" classes="14"/>
    <package name="src.business">
      <metrics statements="147" coveredstatements="145" conditionals="48" coveredconditionals="45" methods="14" coveredmethods="14"/>
      <file name="CartBusiness.ts" path="C:\Users\evand\Desktop\tecnico-shopper\backend\src\business\CartBusiness.ts">
        <metrics statements="54" coveredstatements="54" conditionals="13" coveredconditionals="13" methods="5" coveredmethods="5"/>
        <line num="3" count="4" type="stmt"/>
        <line num="4" count="4" type="stmt"/>
        <line num="7" count="4" type="stmt"/>
        <line num="9" count="4" type="stmt"/>
        <line num="11" count="4" type="stmt"/>
        <line num="12" count="4" type="stmt"/>
        <line num="15" count="4" type="stmt"/>
        <line num="16" count="7" type="stmt"/>
        <line num="18" count="7" type="cond" truecount="1" falsecount="0"/>
        <line num="19" count="1" type="stmt"/>
        <line num="22" count="6" type="cond" truecount="1" falsecount="0"/>
        <line num="23" count="1" type="stmt"/>
        <line num="26" count="5" type="cond" truecount="1" falsecount="0"/>
        <line num="27" count="1" type="stmt"/>
        <line num="30" count="4" type="cond" truecount="1" falsecount="0"/>
        <line num="31" count="1" type="stmt"/>
        <line num="34" count="3" type="cond" truecount="1" falsecount="0"/>
        <line num="35" count="1" type="stmt"/>
        <line num="38" count="2" type="stmt"/>
        <line num="39" count="2" type="cond" truecount="1" falsecount="0"/>
        <line num="40" count="1" type="stmt"/>
        <line num="43" count="1" type="stmt"/>
        <line num="51" count="1" type="stmt"/>
        <line num="53" count="1" type="stmt"/>
        <line num="57" count="1" type="stmt"/>
        <line num="60" count="4" type="stmt"/>
        <line num="61" count="1" type="stmt"/>
        <line num="63" count="1" type="stmt"/>
        <line num="67" count="1" type="stmt"/>
        <line num="70" count="4" type="stmt"/>
        <line num="71" count="6" type="stmt"/>
        <line num="73" count="6" type="cond" truecount="1" falsecount="0"/>
        <line num="74" count="1" type="stmt"/>
        <line num="77" count="5" type="cond" truecount="1" falsecount="0"/>
        <line num="78" count="1" type="stmt"/>
        <line num="81" count="4" type="cond" truecount="1" falsecount="0"/>
        <line num="82" count="1" type="stmt"/>
        <line num="85" count="3" type="cond" truecount="1" falsecount="0"/>
        <line num="86" count="1" type="stmt"/>
        <line num="89" count="2" type="cond" truecount="1" falsecount="0"/>
        <line num="90" count="1" type="stmt"/>
        <line num="93" count="1" type="stmt"/>
        <line num="99" count="1" type="stmt"/>
        <line num="101" count="1" type="stmt"/>
        <line num="105" count="1" type="stmt"/>
        <line num="108" count="4" type="stmt"/>
        <line num="109" count="3" type="cond" truecount="1" falsecount="0"/>
        <line num="110" count="1" type="stmt"/>
        <line num="113" count="2" type="stmt"/>
        <line num="114" count="2" type="cond" truecount="1" falsecount="0"/>
        <line num="115" count="1" type="stmt"/>
        <line num="118" count="1" type="stmt"/>
        <line num="120" count="1" type="stmt"/>
        <line num="124" count="1" type="stmt"/>
      </file>
      <file name="ProductsBusiness.ts" path="C:\Users\evand\Desktop\tecnico-shopper\backend\src\business\ProductsBusiness.ts">
        <metrics statements="34" coveredstatements="32" conditionals="20" coveredconditionals="17" methods="2" coveredmethods="2"/>
        <line num="2" count="1" type="stmt"/>
        <line num="6" count="1" type="stmt"/>
        <line num="8" count="1" type="stmt"/>
        <line num="11" count="1" type="stmt"/>
        <line num="12" count="7" type="stmt"/>
        <line num="13" count="7" type="cond" truecount="2" falsecount="0"/>
        <line num="14" count="7" type="cond" truecount="2" falsecount="0"/>
        <line num="15" count="7" type="cond" truecount="1" falsecount="1"/>
        <line num="16" count="7" type="cond" truecount="1" falsecount="1"/>
        <line num="17" count="7" type="stmt"/>
        <line num="19" count="7" type="cond" truecount="1" falsecount="0"/>
        <line num="20" count="1" type="stmt"/>
        <line num="23" count="6" type="cond" truecount="1" falsecount="0"/>
        <line num="24" count="1" type="stmt"/>
        <line num="27" count="5" type="cond" truecount="1" falsecount="0"/>
        <line num="28" count="1" type="stmt"/>
        <line num="31" count="4" type="cond" truecount="1" falsecount="0"/>
        <line num="32" count="1" type="stmt"/>
        <line num="35" count="3" type="cond" truecount="1" falsecount="0"/>
        <line num="36" count="1" type="stmt"/>
        <line num="39" count="2" type="cond" truecount="1" falsecount="0"/>
        <line num="40" count="1" type="stmt"/>
        <line num="43" count="1" type="stmt"/>
        <line num="44" count="1" type="stmt"/>
        <line num="45" count="1" type="cond" truecount="5" falsecount="1"/>
        <line num="46" count="0" type="stmt"/>
        <line num="47" count="0" type="stmt"/>
        <line num="49" count="1" type="stmt"/>
        <line num="50" count="1" type="stmt"/>
        <line num="53" count="1" type="stmt"/>
        <line num="55" count="1" type="stmt"/>
        <line num="65" count="1" type="stmt"/>
        <line num="67" count="1" type="stmt"/>
        <line num="71" count="1" type="stmt"/>
      </file>
      <file name="PurchasesBusiness.ts" path="C:\Users\evand\Desktop\tecnico-shopper\backend\src\business\PurchasesBusiness.ts">
        <metrics statements="59" coveredstatements="59" conditionals="15" coveredconditionals="15" methods="7" coveredmethods="7"/>
        <line num="4" count="4" type="stmt"/>
        <line num="5" count="4" type="stmt"/>
        <line num="6" count="4" type="stmt"/>
        <line num="9" count="4" type="stmt"/>
        <line num="11" count="4" type="stmt"/>
        <line num="13" count="4" type="stmt"/>
        <line num="14" count="4" type="stmt"/>
        <line num="15" count="4" type="stmt"/>
        <line num="16" count="4" type="stmt"/>
        <line num="19" count="4" type="stmt"/>
        <line num="20" count="9" type="stmt"/>
        <line num="22" count="9" type="cond" truecount="4" falsecount="0"/>
        <line num="23" count="1" type="stmt"/>
        <line num="26" count="8" type="cond" truecount="1" falsecount="0"/>
        <line num="27" count="1" type="stmt"/>
        <line num="30" count="7" type="cond" truecount="1" falsecount="0"/>
        <line num="31" count="1" type="stmt"/>
        <line num="34" count="6" type="cond" truecount="1" falsecount="0"/>
        <line num="35" count="1" type="stmt"/>
        <line num="38" count="5" type="cond" truecount="1" falsecount="0"/>
        <line num="39" count="1" type="stmt"/>
        <line num="42" count="4" type="stmt"/>
        <line num="44" count="4" type="cond" truecount="1" falsecount="0"/>
        <line num="45" count="1" type="stmt"/>
        <line num="48" count="3" type="stmt"/>
        <line num="50" count="3" type="stmt"/>
        <line num="51" count="3" type="stmt"/>
        <line num="52" count="3" type="cond" truecount="1" falsecount="0"/>
        <line num="53" count="1" type="stmt"/>
        <line num="56" count="2" type="cond" truecount="1" falsecount="0"/>
        <line num="57" count="1" type="stmt"/>
        <line num="61" count="1" type="stmt"/>
        <line num="62" count="1" type="stmt"/>
        <line num="63" count="1" type="stmt"/>
        <line num="71" count="1" type="stmt"/>
        <line num="74" count="1" type="stmt"/>
        <line num="75" count="1" type="stmt"/>
        <line num="78" count="1" type="stmt"/>
        <line num="80" count="1" type="stmt"/>
        <line num="84" count="1" type="stmt"/>
        <line num="87" count="4" type="stmt"/>
        <line num="88" count="1" type="stmt"/>
        <line num="90" count="1" type="cond" truecount="2" falsecount="0"/>
        <line num="91" count="1" type="stmt"/>
        <line num="92" count="1" type="stmt"/>
        <line num="94" count="1" type="stmt"/>
        <line num="98" count="1" type="stmt"/>
        <line num="101" count="4" type="stmt"/>
        <line num="102" count="2" type="cond" truecount="1" falsecount="0"/>
        <line num="103" count="1" type="stmt"/>
        <line num="106" count="1" type="stmt"/>
        <line num="108" count="1" type="stmt"/>
        <line num="112" count="1" type="stmt"/>
        <line num="115" count="4" type="stmt"/>
        <line num="116" count="2" type="cond" truecount="1" falsecount="0"/>
        <line num="117" count="1" type="stmt"/>
        <line num="120" count="1" type="stmt"/>
        <line num="122" count="1" type="stmt"/>
        <line num="126" count="1" type="stmt"/>
      </file>
    </package>
    <package name="src.database">
      <metrics statements="5" coveredstatements="5" conditionals="0" coveredconditionals="0" methods="0" coveredmethods="0"/>
      <file name="BaseDatabase.ts" path="C:\Users\evand\Desktop\tecnico-shopper\backend\src\database\BaseDatabase.ts">
        <metrics statements="5" coveredstatements="5" conditionals="0" coveredconditionals="0" methods="0" coveredmethods="0"/>
        <line num="1" count="9" type="stmt"/>
        <line num="2" count="9" type="stmt"/>
        <line num="4" count="9" type="stmt"/>
        <line num="6" count="9" type="stmt"/>
        <line num="7" count="9" type="stmt"/>
      </file>
    </package>
    <package name="src.errors">
      <metrics statements="12" coveredstatements="12" conditionals="3" coveredconditionals="0" methods="4" coveredmethods="4"/>
      <file name="BaseError.ts" path="C:\Users\evand\Desktop\tecnico-shopper\backend\src\errors\BaseError.ts">
        <metrics statements="3" coveredstatements="3" conditionals="0" coveredconditionals="0" methods="1" coveredmethods="1"/>
        <line num="1" count="9" type="stmt"/>
        <line num="3" count="29" type="stmt"/>
        <line num="6" count="29" type="stmt"/>
      </file>
      <file name="ConflictError.ts" path="C:\Users\evand\Desktop\tecnico-shopper\backend\src\errors\ConflictError.ts">
        <metrics statements="3" coveredstatements="3" conditionals="1" coveredconditionals="0" methods="1" coveredmethods="1"/>
        <line num="1" count="4" type="stmt"/>
        <line num="3" count="4" type="stmt"/>
        <line num="7" count="1" type="stmt"/>
      </file>
      <file name="NotFoundError.ts" path="C:\Users\evand\Desktop\tecnico-shopper\backend\src\errors\NotFoundError.ts">
        <metrics statements="3" coveredstatements="3" conditionals="1" coveredconditionals="0" methods="1" coveredmethods="1"/>
        <line num="1" count="8" type="stmt"/>
        <line num="3" count="8" type="stmt"/>
        <line num="7" count="3" type="stmt"/>
      </file>
      <file name="ParamsError.ts" path="C:\Users\evand\Desktop\tecnico-shopper\backend\src\errors\ParamsError.ts">
        <metrics statements="3" coveredstatements="3" conditionals="1" coveredconditionals="0" methods="1" coveredmethods="1"/>
        <line num="1" count="9" type="stmt"/>
        <line num="3" count="9" type="stmt"/>
        <line num="7" count="25" type="stmt"/>
      </file>
    </package>
    <package name="src.models">
      <metrics statements="35" coveredstatements="24" conditionals="0" coveredconditionals="0" methods="13" coveredmethods="2"/>
      <file name="Product.ts" path="C:\Users\evand\Desktop\tecnico-shopper\backend\src\models\Product.ts">
        <metrics statements="16" coveredstatements="11" conditionals="0" coveredconditionals="0" methods="6" coveredmethods="1"/>
        <line num="9" count="4" type="stmt"/>
        <line num="11" count="1" type="stmt"/>
        <line num="12" count="1" type="stmt"/>
        <line num="13" count="1" type="stmt"/>
        <line num="14" count="1" type="stmt"/>
        <line num="15" count="1" type="stmt"/>
        <line num="18" count="1" type="stmt"/>
        <line num="19" count="0" type="stmt"/>
        <line num="22" count="1" type="stmt"/>
        <line num="23" count="0" type="stmt"/>
        <line num="26" count="1" type="stmt"/>
        <line num="27" count="0" type="stmt"/>
        <line num="30" count="1" type="stmt"/>
        <line num="31" count="0" type="stmt"/>
        <line num="34" count="1" type="stmt"/>
        <line num="35" count="0" type="stmt"/>
      </file>
      <file name="Purchase.ts" path="C:\Users\evand\Desktop\tecnico-shopper\backend\src\models\Purchase.ts">
        <metrics statements="19" coveredstatements="13" conditionals="0" coveredconditionals="0" methods="7" coveredmethods="1"/>
        <line num="1" count="4" type="stmt"/>
        <line num="3" count="1" type="stmt"/>
        <line num="4" count="1" type="stmt"/>
        <line num="5" count="1" type="stmt"/>
        <line num="6" count="1" type="stmt"/>
        <line num="7" count="1" type="stmt"/>
        <line num="8" count="1" type="stmt"/>
        <line num="11" count="1" type="stmt"/>
        <line num="12" count="0" type="stmt"/>
        <line num="15" count="1" type="stmt"/>
        <line num="16" count="0" type="stmt"/>
        <line num="19" count="1" type="stmt"/>
        <line num="20" count="0" type="stmt"/>
        <line num="23" count="1" type="stmt"/>
        <line num="24" count="0" type="stmt"/>
        <line num="27" count="1" type="stmt"/>
        <line num="28" count="0" type="stmt"/>
        <line num="31" count="1" type="stmt"/>
        <line num="32" count="0" type="stmt"/>
      </file>
    </package>
    <package name="tests.mocks">
      <metrics statements="56" coveredstatements="52" conditionals="4" coveredconditionals="4" methods="20" coveredmethods="18"/>
      <file name="CartDatabaseMock.ts" path="C:\Users\evand\Desktop\tecnico-shopper\backend\tests\mocks\CartDatabaseMock.ts">
        <metrics statements="19" coveredstatements="17" conditionals="2" coveredconditionals="2" methods="8" coveredmethods="7"/>
        <line num="1" count="8" type="stmt"/>
        <line num="6" count="8" type="stmt"/>
        <line num="7" count="8" type="stmt"/>
        <line num="8" count="8" type="stmt"/>
        <line num="10" count="8" type="stmt"/>
        <line num="11" count="0" type="stmt"/>
        <line num="18" count="0" type="stmt"/>
        <line num="21" count="8" type="stmt"/>
        <line num="23" count="8" type="stmt"/>
        <line num="24" count="2" type="cond" truecount="2" falsecount="0"/>
        <line num="25" count="1" type="stmt"/>
        <line num="27" count="1" type="stmt"/>
        <line num="35" count="1" type="stmt"/>
        <line num="39" count="8" type="stmt"/>
        <line num="40" count="1" type="stmt"/>
        <line num="59" count="1" type="stmt"/>
        <line num="62" count="8" type="stmt"/>
        <line num="64" count="8" type="stmt"/>
        <line num="66" count="8" type="stmt"/>
      </file>
      <file name="IdGeneratorMock.ts" path="C:\Users\evand\Desktop\tecnico-shopper\backend\tests\mocks\IdGeneratorMock.ts">
        <metrics statements="3" coveredstatements="3" conditionals="0" coveredconditionals="0" methods="2" coveredmethods="2"/>
        <line num="1" count="4" type="stmt"/>
        <line num="2" count="4" type="stmt"/>
        <line num="3" count="4" type="stmt"/>
      </file>
      <file name="ProductsDatabaseMock.ts" path="C:\Users\evand\Desktop\tecnico-shopper\backend\tests\mocks\ProductsDatabaseMock.ts">
        <metrics statements="19" coveredstatements="19" conditionals="2" coveredconditionals="2" methods="4" coveredmethods="4"/>
        <line num="1" count="9" type="stmt"/>
        <line num="4" count="9" type="stmt"/>
        <line num="5" count="9" type="stmt"/>
        <line num="7" count="9" type="stmt"/>
        <line num="8" count="5" type="cond" truecount="2" falsecount="0"/>
        <line num="9" count="2" type="stmt"/>
        <line num="11" count="3" type="stmt"/>
        <line num="17" count="3" type="stmt"/>
        <line num="21" count="9" type="stmt"/>
        <line num="22" count="1" type="stmt"/>
        <line num="23" count="1" type="stmt"/>
        <line num="24" count="1" type="stmt"/>
        <line num="25" count="1" type="stmt"/>
        <line num="26" count="1" type="stmt"/>
        <line num="27" count="1" type="stmt"/>
        <line num="28" count="1" type="stmt"/>
        <line num="30" count="1" type="stmt"/>
        <line num="50" count="1" type="stmt"/>
        <line num="53" count="9" type="stmt"/>
      </file>
      <file name="PurchasesDatabaseMock.ts" path="C:\Users\evand\Desktop\tecnico-shopper\backend\tests\mocks\PurchasesDatabaseMock.ts">
        <metrics statements="15" coveredstatements="13" conditionals="0" coveredconditionals="0" methods="6" coveredmethods="5"/>
        <line num="1" count="4" type="stmt"/>
        <line num="5" count="4" type="stmt"/>
        <line num="6" count="4" type="stmt"/>
        <line num="7" count="4" type="stmt"/>
        <line num="9" count="4" type="stmt"/>
        <line num="10" count="0" type="stmt"/>
        <line num="18" count="0" type="stmt"/>
        <line num="21" count="4" type="stmt"/>
        <line num="23" count="4" type="stmt"/>
        <line num="24" count="1" type="stmt"/>
        <line num="34" count="1" type="stmt"/>
        <line num="37" count="4" type="stmt"/>
        <line num="39" count="4" type="stmt"/>
        <line num="40" count="1" type="stmt"/>
        <line num="55" count="1" type="stmt"/>
      </file>
    </package>
  </project>
</coverage>
