{"C:\\Users\\evand\\Desktop\\tecnico-shopper\\backend\\src\\business\\CartBusiness.ts": {"path":"C:\\Users\\evand\\Desktop\\tecnico-shopper\\backend\\src\\business\\CartBusiness.ts","statementMap":{"0":{"start":{"line":3,"column":0},"end":{"line":3,"column":54}},"1":{"start":{"line":4,"column":0},"end":{"line":4,"column":58}},"2":{"start":{"line":7,"column":0},"end":{"line":7,"column":46}},"3":{"start":{"line":11,"column":12},"end":{"line":11,"column":38}},"4":{"start":{"line":12,"column":12},"end":{"line":12,"column":46}},"5":{"start":{"line":15,"column":9},"end":{"line":58,"column":null}},"6":{"start":{"line":16,"column":48},"end":{"line":16,"column":53}},"7":{"start":{"line":18,"column":4},"end":{"line":20,"column":null}},"8":{"start":{"line":19,"column":6},"end":{"line":19,"column":null}},"9":{"start":{"line":22,"column":4},"end":{"line":24,"column":null}},"10":{"start":{"line":23,"column":6},"end":{"line":23,"column":null}},"11":{"start":{"line":26,"column":4},"end":{"line":28,"column":null}},"12":{"start":{"line":27,"column":6},"end":{"line":27,"column":null}},"13":{"start":{"line":30,"column":4},"end":{"line":32,"column":null}},"14":{"start":{"line":31,"column":6},"end":{"line":31,"column":null}},"15":{"start":{"line":34,"column":4},"end":{"line":36,"column":null}},"16":{"start":{"line":35,"column":6},"end":{"line":35,"column":null}},"17":{"start":{"line":38,"column":20},"end":{"line":38,"column":67}},"18":{"start":{"line":39,"column":4},"end":{"line":41,"column":null}},"19":{"start":{"line":40,"column":6},"end":{"line":40,"column":62}},"20":{"start":{"line":43,"column":20},"end":{"line":48,"column":null}},"21":{"start":{"line":51,"column":4},"end":{"line":51,"column":null}},"22":{"start":{"line":53,"column":21},"end":{"line":55,"column":null}},"23":{"start":{"line":57,"column":4},"end":{"line":57,"column":null}},"24":{"start":{"line":60,"column":9},"end":{"line":68,"column":null}},"25":{"start":{"line":61,"column":46},"end":{"line":61,"column":79}},"26":{"start":{"line":63,"column":21},"end":{"line":65,"column":null}},"27":{"start":{"line":67,"column":4},"end":{"line":67,"column":null}},"28":{"start":{"line":70,"column":9},"end":{"line":106,"column":null}},"29":{"start":{"line":71,"column":49},"end":{"line":71,"column":54}},"30":{"start":{"line":73,"column":4},"end":{"line":75,"column":null}},"31":{"start":{"line":74,"column":6},"end":{"line":74,"column":null}},"32":{"start":{"line":77,"column":4},"end":{"line":79,"column":null}},"33":{"start":{"line":78,"column":6},"end":{"line":78,"column":null}},"34":{"start":{"line":81,"column":4},"end":{"line":83,"column":null}},"35":{"start":{"line":82,"column":6},"end":{"line":82,"column":null}},"36":{"start":{"line":85,"column":4},"end":{"line":87,"column":null}},"37":{"start":{"line":86,"column":6},"end":{"line":86,"column":null}},"38":{"start":{"line":89,"column":4},"end":{"line":91,"column":null}},"39":{"start":{"line":90,"column":6},"end":{"line":90,"column":null}},"40":{"start":{"line":93,"column":41},"end":{"line":97,"column":null}},"41":{"start":{"line":99,"column":4},"end":{"line":99,"column":49}},"42":{"start":{"line":101,"column":21},"end":{"line":103,"column":null}},"43":{"start":{"line":105,"column":4},"end":{"line":105,"column":null}},"44":{"start":{"line":108,"column":9},"end":{"line":125,"column":null}},"45":{"start":{"line":109,"column":4},"end":{"line":111,"column":null}},"46":{"start":{"line":110,"column":6},"end":{"line":110,"column":null}},"47":{"start":{"line":113,"column":25},"end":{"line":113,"column":73}},"48":{"start":{"line":114,"column":4},"end":{"line":116,"column":null}},"49":{"start":{"line":115,"column":6},"end":{"line":115,"column":62}},"50":{"start":{"line":118,"column":4},"end":{"line":118,"column":50}},"51":{"start":{"line":120,"column":21},"end":{"line":122,"column":null}},"52":{"start":{"line":124,"column":4},"end":{"line":124,"column":null}},"53":{"start":{"line":9,"column":0},"end":{"line":9,"column":13}}},"fnMap":{"0":{"name":"(anonymous_0)","decl":{"start":{"line":10,"column":2},"end":{"line":10,"column":null}},"loc":{"start":{"line":12,"column":46},"end":{"line":13,"column":7}}},"1":{"name":"(anonymous_1)","decl":{"start":{"line":15,"column":26},"end":{"line":15,"column":31}},"loc":{"start":{"line":15,"column":64},"end":{"line":58,"column":3}}},"2":{"name":"(anonymous_2)","decl":{"start":{"line":60,"column":19},"end":{"line":60,"column":24}},"loc":{"start":{"line":60,"column":30},"end":{"line":68,"column":3}}},"3":{"name":"(anonymous_3)","decl":{"start":{"line":70,"column":22},"end":{"line":70,"column":27}},"loc":{"start":{"line":70,"column":59},"end":{"line":106,"column":3}}},"4":{"name":"(anonymous_4)","decl":{"start":{"line":108,"column":29},"end":{"line":108,"column":34}},"loc":{"start":{"line":108,"column":50},"end":{"line":125,"column":3}}}},"branchMap":{"0":{"loc":{"start":{"line":18,"column":4},"end":{"line":20,"column":null}},"type":"if","locations":[{"start":{"line":18,"column":4},"end":{"line":20,"column":null}}]},"1":{"loc":{"start":{"line":22,"column":4},"end":{"line":24,"column":null}},"type":"if","locations":[{"start":{"line":22,"column":4},"end":{"line":24,"column":null}}]},"2":{"loc":{"start":{"line":26,"column":4},"end":{"line":28,"column":null}},"type":"if","locations":[{"start":{"line":26,"column":4},"end":{"line":28,"column":null}}]},"3":{"loc":{"start":{"line":30,"column":4},"end":{"line":32,"column":null}},"type":"if","locations":[{"start":{"line":30,"column":4},"end":{"line":32,"column":null}}]},"4":{"loc":{"start":{"line":34,"column":4},"end":{"line":36,"column":null}},"type":"if","locations":[{"start":{"line":34,"column":4},"end":{"line":36,"column":null}}]},"5":{"loc":{"start":{"line":39,"column":4},"end":{"line":41,"column":null}},"type":"if","locations":[{"start":{"line":39,"column":4},"end":{"line":41,"column":null}}]},"6":{"loc":{"start":{"line":73,"column":4},"end":{"line":75,"column":null}},"type":"if","locations":[{"start":{"line":73,"column":4},"end":{"line":75,"column":null}}]},"7":{"loc":{"start":{"line":77,"column":4},"end":{"line":79,"column":null}},"type":"if","locations":[{"start":{"line":77,"column":4},"end":{"line":79,"column":null}}]},"8":{"loc":{"start":{"line":81,"column":4},"end":{"line":83,"column":null}},"type":"if","locations":[{"start":{"line":81,"column":4},"end":{"line":83,"column":null}}]},"9":{"loc":{"start":{"line":85,"column":4},"end":{"line":87,"column":null}},"type":"if","locations":[{"start":{"line":85,"column":4},"end":{"line":87,"column":null}}]},"10":{"loc":{"start":{"line":89,"column":4},"end":{"line":91,"column":null}},"type":"if","locations":[{"start":{"line":89,"column":4},"end":{"line":91,"column":null}}]},"11":{"loc":{"start":{"line":109,"column":4},"end":{"line":111,"column":null}},"type":"if","locations":[{"start":{"line":109,"column":4},"end":{"line":111,"column":null}}]},"12":{"loc":{"start":{"line":114,"column":4},"end":{"line":116,"column":null}},"type":"if","locations":[{"start":{"line":114,"column":4},"end":{"line":116,"column":null}}]}},"s":{"0":4,"1":4,"2":4,"3":4,"4":4,"5":4,"6":7,"7":7,"8":1,"9":6,"10":1,"11":5,"12":1,"13":4,"14":1,"15":3,"16":1,"17":2,"18":2,"19":1,"20":1,"21":1,"22":1,"23":1,"24":4,"25":1,"26":1,"27":1,"28":4,"29":6,"30":6,"31":1,"32":5,"33":1,"34":4,"35":1,"36":3,"37":1,"38":2,"39":1,"40":1,"41":1,"42":1,"43":1,"44":4,"45":3,"46":1,"47":2,"48":2,"49":1,"50":1,"51":1,"52":1,"53":4},"f":{"0":4,"1":7,"2":1,"3":6,"4":3},"b":{"0":[1],"1":[1],"2":[1],"3":[1],"4":[1],"5":[1],"6":[1],"7":[1],"8":[1],"9":[1],"10":[1],"11":[1],"12":[1]}}
,"C:\\Users\\evand\\Desktop\\tecnico-shopper\\backend\\src\\business\\ProductsBusiness.ts": {"path":"C:\\Users\\evand\\Desktop\\tecnico-shopper\\backend\\src\\business\\ProductsBusiness.ts","statementMap":{"0":{"start":{"line":2,"column":0},"end":{"line":2,"column":52}},"1":{"start":{"line":8,"column":12},"end":{"line":8,"column":46}},"2":{"start":{"line":11,"column":9},"end":{"line":72,"column":null}},"3":{"start":{"line":12,"column":23},"end":{"line":12,"column":39}},"4":{"start":{"line":13,"column":23},"end":{"line":13,"column":55}},"5":{"start":{"line":14,"column":25},"end":{"line":14,"column":48}},"6":{"start":{"line":15,"column":25},"end":{"line":15,"column":53}},"7":{"start":{"line":16,"column":23},"end":{"line":16,"column":49}},"8":{"start":{"line":17,"column":17},"end":{"line":17,"column":27}},"9":{"start":{"line":19,"column":4},"end":{"line":21,"column":null}},"10":{"start":{"line":20,"column":6},"end":{"line":20,"column":null}},"11":{"start":{"line":23,"column":4},"end":{"line":25,"column":null}},"12":{"start":{"line":24,"column":6},"end":{"line":24,"column":null}},"13":{"start":{"line":27,"column":4},"end":{"line":29,"column":null}},"14":{"start":{"line":28,"column":6},"end":{"line":28,"column":null}},"15":{"start":{"line":31,"column":4},"end":{"line":33,"column":null}},"16":{"start":{"line":32,"column":6},"end":{"line":32,"column":null}},"17":{"start":{"line":35,"column":4},"end":{"line":37,"column":null}},"18":{"start":{"line":36,"column":6},"end":{"line":36,"column":null}},"19":{"start":{"line":39,"column":4},"end":{"line":41,"column":null}},"20":{"start":{"line":40,"column":6},"end":{"line":40,"column":null}},"21":{"start":{"line":43,"column":15},"end":{"line":43,"column":17}},"22":{"start":{"line":44,"column":16},"end":{"line":44,"column":18}},"23":{"start":{"line":45,"column":4},"end":{"line":51,"column":null}},"24":{"start":{"line":46,"column":6},"end":{"line":46,"column":38}},"25":{"start":{"line":47,"column":6},"end":{"line":47,"column":39}},"26":{"start":{"line":49,"column":6},"end":{"line":49,"column":20}},"27":{"start":{"line":50,"column":6},"end":{"line":50,"column":20}},"28":{"start":{"line":53,"column":19},"end":{"line":53,"column":42}},"29":{"start":{"line":55,"column":48},"end":{"line":63,"column":null}},"30":{"start":{"line":65,"column":48},"end":{"line":65,"column":103}},"31":{"start":{"line":67,"column":21},"end":{"line":69,"column":null}},"32":{"start":{"line":71,"column":4},"end":{"line":71,"column":null}},"33":{"start":{"line":6,"column":0},"end":{"line":6,"column":13}}},"fnMap":{"0":{"name":"(anonymous_0)","decl":{"start":{"line":7,"column":2},"end":{"line":7,"column":null}},"loc":{"start":{"line":8,"column":46},"end":{"line":9,"column":7}}},"1":{"name":"(anonymous_1)","decl":{"start":{"line":11,"column":26},"end":{"line":11,"column":31}},"loc":{"start":{"line":11,"column":67},"end":{"line":72,"column":3}}}},"branchMap":{"0":{"loc":{"start":{"line":13,"column":23},"end":{"line":13,"column":55}},"type":"binary-expr","locations":[{"start":{"line":13,"column":23},"end":{"line":13,"column":49}},{"start":{"line":13,"column":53},"end":{"line":13,"column":55}}]},"1":{"loc":{"start":{"line":14,"column":25},"end":{"line":14,"column":48}},"type":"binary-expr","locations":[{"start":{"line":14,"column":25},"end":{"line":14,"column":43}},{"start":{"line":14,"column":47},"end":{"line":14,"column":48}}]},"2":{"loc":{"start":{"line":15,"column":25},"end":{"line":15,"column":53}},"type":"binary-expr","locations":[{"start":{"line":15,"column":25},"end":{"line":15,"column":43}},{"start":{"line":15,"column":47},"end":{"line":15,"column":53}}]},"3":{"loc":{"start":{"line":16,"column":23},"end":{"line":16,"column":49}},"type":"binary-expr","locations":[{"start":{"line":16,"column":23},"end":{"line":16,"column":39}},{"start":{"line":16,"column":43},"end":{"line":16,"column":49}}]},"4":{"loc":{"start":{"line":19,"column":4},"end":{"line":21,"column":null}},"type":"if","locations":[{"start":{"line":19,"column":4},"end":{"line":21,"column":null}}]},"5":{"loc":{"start":{"line":23,"column":4},"end":{"line":25,"column":null}},"type":"if","locations":[{"start":{"line":23,"column":4},"end":{"line":25,"column":null}}]},"6":{"loc":{"start":{"line":27,"column":4},"end":{"line":29,"column":null}},"type":"if","locations":[{"start":{"line":27,"column":4},"end":{"line":29,"column":null}}]},"7":{"loc":{"start":{"line":31,"column":4},"end":{"line":33,"column":null}},"type":"if","locations":[{"start":{"line":31,"column":4},"end":{"line":33,"column":null}}]},"8":{"loc":{"start":{"line":35,"column":4},"end":{"line":37,"column":null}},"type":"if","locations":[{"start":{"line":35,"column":4},"end":{"line":37,"column":null}}]},"9":{"loc":{"start":{"line":39,"column":4},"end":{"line":41,"column":null}},"type":"if","locations":[{"start":{"line":39,"column":4},"end":{"line":41,"column":null}}]},"10":{"loc":{"start":{"line":45,"column":4},"end":{"line":51,"column":null}},"type":"if","locations":[{"start":{"line":45,"column":4},"end":{"line":51,"column":null}},{"start":{"line":48,"column":10},"end":{"line":51,"column":null}}]},"11":{"loc":{"start":{"line":45,"column":7},"end":{"line":45,"column":133}},"type":"binary-expr","locations":[{"start":{"line":45,"column":7},"end":{"line":45,"column":33}},{"start":{"line":45,"column":37},"end":{"line":45,"column":64}},{"start":{"line":45,"column":68},"end":{"line":45,"column":98}},{"start":{"line":45,"column":102},"end":{"line":45,"column":133}}]}},"s":{"0":1,"1":1,"2":1,"3":7,"4":7,"5":7,"6":7,"7":7,"8":7,"9":7,"10":1,"11":6,"12":1,"13":5,"14":1,"15":4,"16":1,"17":3,"18":1,"19":2,"20":1,"21":1,"22":1,"23":1,"24":0,"25":0,"26":1,"27":1,"28":1,"29":1,"30":1,"31":1,"32":1,"33":1},"f":{"0":1,"1":7},"b":{"0":[7,1],"1":[7,6],"2":[7,0],"3":[7,0],"4":[1],"5":[1],"6":[1],"7":[1],"8":[1],"9":[1],"10":[0,1],"11":[1,1,1,1]}}
,"C:\\Users\\evand\\Desktop\\tecnico-shopper\\backend\\src\\business\\PurchasesBusiness.ts": {"path":"C:\\Users\\evand\\Desktop\\tecnico-shopper\\backend\\src\\business\\PurchasesBusiness.ts","statementMap":{"0":{"start":{"line":4,"column":0},"end":{"line":4,"column":52}},"1":{"start":{"line":5,"column":0},"end":{"line":5,"column":56}},"2":{"start":{"line":6,"column":0},"end":{"line":6,"column":58}},"3":{"start":{"line":9,"column":0},"end":{"line":9,"column":48}},"4":{"start":{"line":13,"column":12},"end":{"line":13,"column":48}},"5":{"start":{"line":14,"column":12},"end":{"line":14,"column":46}},"6":{"start":{"line":15,"column":12},"end":{"line":15,"column":38}},"7":{"start":{"line":16,"column":12},"end":{"line":16,"column":36}},"8":{"start":{"line":19,"column":9},"end":{"line":85,"column":null}},"9":{"start":{"line":20,"column":56},"end":{"line":20,"column":61}},"10":{"start":{"line":22,"column":4},"end":{"line":24,"column":null}},"11":{"start":{"line":23,"column":6},"end":{"line":23,"column":null}},"12":{"start":{"line":26,"column":4},"end":{"line":28,"column":null}},"13":{"start":{"line":27,"column":6},"end":{"line":27,"column":null}},"14":{"start":{"line":30,"column":4},"end":{"line":32,"column":null}},"15":{"start":{"line":31,"column":6},"end":{"line":31,"column":null}},"16":{"start":{"line":34,"column":4},"end":{"line":36,"column":null}},"17":{"start":{"line":35,"column":6},"end":{"line":35,"column":null}},"18":{"start":{"line":38,"column":4},"end":{"line":40,"column":null}},"19":{"start":{"line":39,"column":6},"end":{"line":39,"column":null}},"20":{"start":{"line":42,"column":28},"end":{"line":42,"column":72}},"21":{"start":{"line":44,"column":4},"end":{"line":46,"column":null}},"22":{"start":{"line":45,"column":6},"end":{"line":45,"column":null}},"23":{"start":{"line":48,"column":24},"end":{"line":48,"column":51}},"24":{"start":{"line":50,"column":4},"end":{"line":59,"column":null}},"25":{"start":{"line":50,"column":14},"end":{"line":50,"column":15}},"26":{"start":{"line":51,"column":27},"end":{"line":51,"column":91}},"27":{"start":{"line":52,"column":6},"end":{"line":54,"column":null}},"28":{"start":{"line":53,"column":8},"end":{"line":53,"column":64}},"29":{"start":{"line":56,"column":6},"end":{"line":58,"column":null}},"30":{"start":{"line":57,"column":8},"end":{"line":57,"column":134}},"31":{"start":{"line":61,"column":4},"end":{"line":72,"column":null}},"32":{"start":{"line":61,"column":14},"end":{"line":61,"column":15}},"33":{"start":{"line":62,"column":17},"end":{"line":62,"column":44}},"34":{"start":{"line":63,"column":23},"end":{"line":69,"column":null}},"35":{"start":{"line":71,"column":6},"end":{"line":71,"column":null}},"36":{"start":{"line":74,"column":4},"end":{"line":76,"column":null}},"37":{"start":{"line":75,"column":6},"end":{"line":75,"column":null}},"38":{"start":{"line":78,"column":4},"end":{"line":78,"column":52}},"39":{"start":{"line":80,"column":21},"end":{"line":82,"column":null}},"40":{"start":{"line":84,"column":4},"end":{"line":84,"column":null}},"41":{"start":{"line":87,"column":9},"end":{"line":99,"column":null}},"42":{"start":{"line":88,"column":48},"end":{"line":88,"column":94}},"43":{"start":{"line":90,"column":4},"end":{"line":93,"column":null}},"44":{"start":{"line":91,"column":25},"end":{"line":91,"column":78}},"45":{"start":{"line":92,"column":6},"end":{"line":92,"column":null}},"46":{"start":{"line":94,"column":21},"end":{"line":96,"column":null}},"47":{"start":{"line":98,"column":4},"end":{"line":98,"column":null}},"48":{"start":{"line":101,"column":9},"end":{"line":113,"column":null}},"49":{"start":{"line":102,"column":4},"end":{"line":104,"column":null}},"50":{"start":{"line":103,"column":6},"end":{"line":103,"column":null}},"51":{"start":{"line":106,"column":4},"end":{"line":106,"column":52}},"52":{"start":{"line":108,"column":21},"end":{"line":110,"column":null}},"53":{"start":{"line":112,"column":4},"end":{"line":112,"column":null}},"54":{"start":{"line":115,"column":9},"end":{"line":127,"column":null}},"55":{"start":{"line":116,"column":4},"end":{"line":118,"column":null}},"56":{"start":{"line":117,"column":6},"end":{"line":117,"column":null}},"57":{"start":{"line":120,"column":54},"end":{"line":120,"column":101}},"58":{"start":{"line":122,"column":21},"end":{"line":124,"column":null}},"59":{"start":{"line":126,"column":4},"end":{"line":126,"column":null}},"60":{"start":{"line":11,"column":0},"end":{"line":11,"column":13}}},"fnMap":{"0":{"name":"(anonymous_0)","decl":{"start":{"line":12,"column":2},"end":{"line":12,"column":null}},"loc":{"start":{"line":16,"column":36},"end":{"line":17,"column":7}}},"1":{"name":"(anonymous_1)","decl":{"start":{"line":19,"column":23},"end":{"line":19,"column":28}},"loc":{"start":{"line":19,"column":58},"end":{"line":85,"column":3}}},"2":{"name":"(anonymous_2)","decl":{"start":{"line":74,"column":26},"end":{"line":74,"column":31}},"loc":{"start":{"line":74,"column":42},"end":{"line":76,"column":5}}},"3":{"name":"(anonymous_3)","decl":{"start":{"line":87,"column":27},"end":{"line":87,"column":32}},"loc":{"start":{"line":87,"column":38},"end":{"line":99,"column":3}}},"4":{"name":"(anonymous_4)","decl":{"start":{"line":90,"column":46},"end":{"line":90,"column":54}},"loc":{"start":{"line":90,"column":57},"end":{"line":93,"column":5}}},"5":{"name":"(anonymous_5)","decl":{"start":{"line":101,"column":26},"end":{"line":101,"column":31}},"loc":{"start":{"line":101,"column":47},"end":{"line":113,"column":3}}},"6":{"name":"(anonymous_6)","decl":{"start":{"line":115,"column":26},"end":{"line":115,"column":31}},"loc":{"start":{"line":115,"column":47},"end":{"line":127,"column":3}}}},"branchMap":{"0":{"loc":{"start":{"line":22,"column":4},"end":{"line":24,"column":null}},"type":"if","locations":[{"start":{"line":22,"column":4},"end":{"line":24,"column":null}}]},"1":{"loc":{"start":{"line":22,"column":8},"end":{"line":22,"column":54}},"type":"binary-expr","locations":[{"start":{"line":22,"column":8},"end":{"line":22,"column":18}},{"start":{"line":22,"column":22},"end":{"line":22,"column":36}},{"start":{"line":22,"column":40},"end":{"line":22,"column":54}}]},"2":{"loc":{"start":{"line":26,"column":4},"end":{"line":28,"column":null}},"type":"if","locations":[{"start":{"line":26,"column":4},"end":{"line":28,"column":null}}]},"3":{"loc":{"start":{"line":30,"column":4},"end":{"line":32,"column":null}},"type":"if","locations":[{"start":{"line":30,"column":4},"end":{"line":32,"column":null}}]},"4":{"loc":{"start":{"line":34,"column":4},"end":{"line":36,"column":null}},"type":"if","locations":[{"start":{"line":34,"column":4},"end":{"line":36,"column":null}}]},"5":{"loc":{"start":{"line":38,"column":4},"end":{"line":40,"column":null}},"type":"if","locations":[{"start":{"line":38,"column":4},"end":{"line":40,"column":null}}]},"6":{"loc":{"start":{"line":44,"column":4},"end":{"line":46,"column":null}},"type":"if","locations":[{"start":{"line":44,"column":4},"end":{"line":46,"column":null}}]},"7":{"loc":{"start":{"line":52,"column":6},"end":{"line":54,"column":null}},"type":"if","locations":[{"start":{"line":52,"column":6},"end":{"line":54,"column":null}}]},"8":{"loc":{"start":{"line":56,"column":6},"end":{"line":58,"column":null}},"type":"if","locations":[{"start":{"line":56,"column":6},"end":{"line":58,"column":null}}]},"9":{"loc":{"start":{"line":90,"column":4},"end":{"line":93,"column":6}},"type":"binary-expr","locations":[{"start":{"line":90,"column":4},"end":{"line":90,"column":24}},{"start":{"line":90,"column":28},"end":{"line":93,"column":6}}]},"10":{"loc":{"start":{"line":102,"column":4},"end":{"line":104,"column":null}},"type":"if","locations":[{"start":{"line":102,"column":4},"end":{"line":104,"column":null}}]},"11":{"loc":{"start":{"line":116,"column":4},"end":{"line":118,"column":null}},"type":"if","locations":[{"start":{"line":116,"column":4},"end":{"line":118,"column":null}}]}},"s":{"0":4,"1":4,"2":4,"3":4,"4":4,"5":4,"6":4,"7":4,"8":4,"9":9,"10":9,"11":1,"12":8,"13":1,"14":7,"15":1,"16":6,"17":1,"18":5,"19":1,"20":4,"21":4,"22":1,"23":3,"24":3,"25":3,"26":3,"27":3,"28":1,"29":2,"30":1,"31":1,"32":1,"33":1,"34":1,"35":1,"36":1,"37":1,"38":1,"39":1,"40":1,"41":4,"42":1,"43":1,"44":1,"45":1,"46":1,"47":1,"48":4,"49":2,"50":1,"51":1,"52":1,"53":1,"54":4,"55":2,"56":1,"57":1,"58":1,"59":1,"60":4},"f":{"0":4,"1":9,"2":1,"3":1,"4":1,"5":2,"6":2},"b":{"0":[1],"1":[9,8,8],"2":[1],"3":[1],"4":[1],"5":[1],"6":[1],"7":[1],"8":[1],"9":[1,1],"10":[1],"11":[1]}}
,"C:\\Users\\evand\\Desktop\\tecnico-shopper\\backend\\src\\database\\BaseDatabase.ts": {"path":"C:\\Users\\evand\\Desktop\\tecnico-shopper\\backend\\src\\database\\BaseDatabase.ts","statementMap":{"0":{"start":{"line":1,"column":0},"end":{"line":1,"column":24}},"1":{"start":{"line":2,"column":0},"end":{"line":2,"column":28}},"2":{"start":{"line":4,"column":0},"end":{"line":4,"column":16}},"3":{"start":{"line":6,"column":0},"end":{"line":6,"column":22}},"4":{"start":{"line":7,"column":19},"end":{"line":17,"column":null}}},"fnMap":{},"branchMap":{},"s":{"0":9,"1":9,"2":9,"3":9,"4":9},"f":{},"b":{}}
,"C:\\Users\\evand\\Desktop\\tecnico-shopper\\backend\\src\\errors\\BaseError.ts": {"path":"C:\\Users\\evand\\Desktop\\tecnico-shopper\\backend\\src\\errors\\BaseError.ts","statementMap":{"0":{"start":{"line":6,"column":4},"end":{"line":6,"column":null}},"1":{"start":{"line":3,"column":11},"end":{"line":3,"column":29}},"2":{"start":{"line":1,"column":0},"end":{"line":1,"column":13}}},"fnMap":{"0":{"name":"(anonymous_0)","decl":{"start":{"line":2,"column":2},"end":{"line":2,"column":null}},"loc":{"start":{"line":4,"column":19},"end":{"line":7,"column":3}}}},"branchMap":{},"s":{"0":29,"1":29,"2":9},"f":{"0":29},"b":{}}
,"C:\\Users\\evand\\Desktop\\tecnico-shopper\\backend\\src\\errors\\ConflictError.ts": {"path":"C:\\Users\\evand\\Desktop\\tecnico-shopper\\backend\\src\\errors\\ConflictError.ts","statementMap":{"0":{"start":{"line":1,"column":0},"end":{"line":1,"column":40}},"1":{"start":{"line":7,"column":4},"end":{"line":7,"column":null}},"2":{"start":{"line":3,"column":0},"end":{"line":3,"column":13}}},"fnMap":{"0":{"name":"(anonymous_0)","decl":{"start":{"line":4,"column":2},"end":{"line":4,"column":null}},"loc":{"start":{"line":5,"column":41},"end":{"line":8,"column":3}}}},"branchMap":{"0":{"loc":{"start":{"line":5,"column":4},"end":{"line":5,"column":41}},"type":"default-arg","locations":[{"start":{"line":5,"column":22},"end":{"line":5,"column":41}}]}},"s":{"0":4,"1":1,"2":4},"f":{"0":1},"b":{"0":[0]}}
,"C:\\Users\\evand\\Desktop\\tecnico-shopper\\backend\\src\\errors\\NotFoundError.ts": {"path":"C:\\Users\\evand\\Desktop\\tecnico-shopper\\backend\\src\\errors\\NotFoundError.ts","statementMap":{"0":{"start":{"line":1,"column":0},"end":{"line":1,"column":40}},"1":{"start":{"line":7,"column":4},"end":{"line":7,"column":null}},"2":{"start":{"line":3,"column":0},"end":{"line":3,"column":13}}},"fnMap":{"0":{"name":"(anonymous_0)","decl":{"start":{"line":4,"column":2},"end":{"line":4,"column":null}},"loc":{"start":{"line":5,"column":46},"end":{"line":8,"column":3}}}},"branchMap":{"0":{"loc":{"start":{"line":5,"column":4},"end":{"line":5,"column":46}},"type":"default-arg","locations":[{"start":{"line":5,"column":22},"end":{"line":5,"column":46}}]}},"s":{"0":8,"1":3,"2":8},"f":{"0":3},"b":{"0":[0]}}
,"C:\\Users\\evand\\Desktop\\tecnico-shopper\\backend\\src\\errors\\ParamsError.ts": {"path":"C:\\Users\\evand\\Desktop\\tecnico-shopper\\backend\\src\\errors\\ParamsError.ts","statementMap":{"0":{"start":{"line":1,"column":0},"end":{"line":1,"column":40}},"1":{"start":{"line":7,"column":4},"end":{"line":7,"column":null}},"2":{"start":{"line":3,"column":0},"end":{"line":3,"column":13}}},"fnMap":{"0":{"name":"(anonymous_0)","decl":{"start":{"line":4,"column":2},"end":{"line":4,"column":null}},"loc":{"start":{"line":5,"column":56},"end":{"line":8,"column":3}}}},"branchMap":{"0":{"loc":{"start":{"line":5,"column":4},"end":{"line":5,"column":56}},"type":"default-arg","locations":[{"start":{"line":5,"column":22},"end":{"line":5,"column":56}}]}},"s":{"0":9,"1":25,"2":9},"f":{"0":25},"b":{"0":[0]}}
,"C:\\Users\\evand\\Desktop\\tecnico-shopper\\backend\\src\\models\\Product.ts": {"path":"C:\\Users\\evand\\Desktop\\tecnico-shopper\\backend\\src\\models\\Product.ts","statementMap":{"0":{"start":{"line":11,"column":14},"end":{"line":11,"column":24}},"1":{"start":{"line":12,"column":14},"end":{"line":12,"column":26}},"2":{"start":{"line":13,"column":14},"end":{"line":13,"column":27}},"3":{"start":{"line":14,"column":14},"end":{"line":14,"column":25}},"4":{"start":{"line":15,"column":14},"end":{"line":15,"column":31}},"5":{"start":{"line":18,"column":9},"end":{"line":20,"column":null}},"6":{"start":{"line":19,"column":6},"end":{"line":19,"column":null}},"7":{"start":{"line":22,"column":9},"end":{"line":24,"column":null}},"8":{"start":{"line":23,"column":6},"end":{"line":23,"column":null}},"9":{"start":{"line":26,"column":9},"end":{"line":28,"column":null}},"10":{"start":{"line":27,"column":6},"end":{"line":27,"column":null}},"11":{"start":{"line":30,"column":9},"end":{"line":32,"column":null}},"12":{"start":{"line":31,"column":6},"end":{"line":31,"column":null}},"13":{"start":{"line":34,"column":9},"end":{"line":36,"column":null}},"14":{"start":{"line":35,"column":6},"end":{"line":35,"column":null}},"15":{"start":{"line":9,"column":0},"end":{"line":9,"column":13}}},"fnMap":{"0":{"name":"(anonymous_0)","decl":{"start":{"line":10,"column":2},"end":{"line":10,"column":null}},"loc":{"start":{"line":15,"column":31},"end":{"line":16,"column":6}}},"1":{"name":"(anonymous_1)","decl":{"start":{"line":18,"column":17},"end":{"line":18,"column":20}},"loc":{"start":{"line":18,"column":22},"end":{"line":20,"column":3}}},"2":{"name":"(anonymous_2)","decl":{"start":{"line":22,"column":19},"end":{"line":22,"column":22}},"loc":{"start":{"line":22,"column":24},"end":{"line":24,"column":3}}},"3":{"name":"(anonymous_3)","decl":{"start":{"line":26,"column":20},"end":{"line":26,"column":23}},"loc":{"start":{"line":26,"column":25},"end":{"line":28,"column":3}}},"4":{"name":"(anonymous_4)","decl":{"start":{"line":30,"column":24},"end":{"line":30,"column":27}},"loc":{"start":{"line":30,"column":29},"end":{"line":32,"column":3}}},"5":{"name":"(anonymous_5)","decl":{"start":{"line":34,"column":18},"end":{"line":34,"column":21}},"loc":{"start":{"line":34,"column":23},"end":{"line":36,"column":3}}}},"branchMap":{},"s":{"0":1,"1":1,"2":1,"3":1,"4":1,"5":1,"6":0,"7":1,"8":0,"9":1,"10":0,"11":1,"12":0,"13":1,"14":0,"15":4},"f":{"0":1,"1":0,"2":0,"3":0,"4":0,"5":0},"b":{}}
,"C:\\Users\\evand\\Desktop\\tecnico-shopper\\backend\\src\\models\\Purchase.ts": {"path":"C:\\Users\\evand\\Desktop\\tecnico-shopper\\backend\\src\\models\\Purchase.ts","statementMap":{"0":{"start":{"line":3,"column":12},"end":{"line":3,"column":22}},"1":{"start":{"line":4,"column":12},"end":{"line":4,"column":31}},"2":{"start":{"line":5,"column":12},"end":{"line":5,"column":29}},"3":{"start":{"line":6,"column":12},"end":{"line":6,"column":31}},"4":{"start":{"line":7,"column":12},"end":{"line":7,"column":30}},"5":{"start":{"line":8,"column":12},"end":{"line":8,"column":23}},"6":{"start":{"line":11,"column":9},"end":{"line":13,"column":null}},"7":{"start":{"line":12,"column":6},"end":{"line":12,"column":null}},"8":{"start":{"line":15,"column":9},"end":{"line":17,"column":null}},"9":{"start":{"line":16,"column":6},"end":{"line":16,"column":null}},"10":{"start":{"line":19,"column":9},"end":{"line":21,"column":null}},"11":{"start":{"line":20,"column":6},"end":{"line":20,"column":null}},"12":{"start":{"line":23,"column":9},"end":{"line":25,"column":null}},"13":{"start":{"line":24,"column":6},"end":{"line":24,"column":null}},"14":{"start":{"line":27,"column":9},"end":{"line":29,"column":null}},"15":{"start":{"line":28,"column":6},"end":{"line":28,"column":null}},"16":{"start":{"line":31,"column":9},"end":{"line":33,"column":null}},"17":{"start":{"line":32,"column":6},"end":{"line":32,"column":null}},"18":{"start":{"line":1,"column":0},"end":{"line":1,"column":13}}},"fnMap":{"0":{"name":"(anonymous_0)","decl":{"start":{"line":2,"column":2},"end":{"line":2,"column":null}},"loc":{"start":{"line":8,"column":23},"end":{"line":9,"column":6}}},"1":{"name":"(anonymous_1)","decl":{"start":{"line":11,"column":17},"end":{"line":11,"column":20}},"loc":{"start":{"line":11,"column":22},"end":{"line":13,"column":3}}},"2":{"name":"(anonymous_2)","decl":{"start":{"line":15,"column":25},"end":{"line":15,"column":28}},"loc":{"start":{"line":15,"column":30},"end":{"line":17,"column":3}}},"3":{"name":"(anonymous_3)","decl":{"start":{"line":19,"column":23},"end":{"line":19,"column":26}},"loc":{"start":{"line":19,"column":28},"end":{"line":21,"column":3}}},"4":{"name":"(anonymous_4)","decl":{"start":{"line":23,"column":27},"end":{"line":23,"column":30}},"loc":{"start":{"line":23,"column":32},"end":{"line":25,"column":3}}},"5":{"name":"(anonymous_5)","decl":{"start":{"line":27,"column":24},"end":{"line":27,"column":27}},"loc":{"start":{"line":27,"column":29},"end":{"line":29,"column":3}}},"6":{"name":"(anonymous_6)","decl":{"start":{"line":31,"column":18},"end":{"line":31,"column":21}},"loc":{"start":{"line":31,"column":23},"end":{"line":33,"column":3}}}},"branchMap":{},"s":{"0":1,"1":1,"2":1,"3":1,"4":1,"5":1,"6":1,"7":0,"8":1,"9":0,"10":1,"11":0,"12":1,"13":0,"14":1,"15":0,"16":1,"17":0,"18":4},"f":{"0":1,"1":0,"2":0,"3":0,"4":0,"5":0,"6":0},"b":{}}
,"C:\\Users\\evand\\Desktop\\tecnico-shopper\\backend\\tests\\mocks\\CartDatabaseMock.ts": {"path":"C:\\Users\\evand\\Desktop\\tecnico-shopper\\backend\\tests\\mocks\\CartDatabaseMock.ts","statementMap":{"0":{"start":{"line":1,"column":0},"end":{"line":1,"column":65}},"1":{"start":{"line":10,"column":9},"end":{"line":19,"column":null}},"2":{"start":{"line":11,"column":43},"end":{"line":17,"column":null}},"3":{"start":{"line":18,"column":4},"end":{"line":18,"column":null}},"4":{"start":{"line":21,"column":9},"end":{"line":21,"column":null}},"5":{"start":{"line":23,"column":9},"end":{"line":37,"column":null}},"6":{"start":{"line":24,"column":4},"end":{"line":36,"column":null}},"7":{"start":{"line":25,"column":6},"end":{"line":25,"column":null}},"8":{"start":{"line":27,"column":22},"end":{"line":34,"column":8}},"9":{"start":{"line":35,"column":6},"end":{"line":35,"column":null}},"10":{"start":{"line":39,"column":9},"end":{"line":60,"column":null}},"11":{"start":{"line":40,"column":17},"end":{"line":57,"column":null}},"12":{"start":{"line":59,"column":4},"end":{"line":59,"column":null}},"13":{"start":{"line":62,"column":9},"end":{"line":62,"column":null}},"14":{"start":{"line":64,"column":9},"end":{"line":64,"column":null}},"15":{"start":{"line":66,"column":9},"end":{"line":66,"column":null}},"16":{"start":{"line":6,"column":0},"end":{"line":6,"column":13}},"17":{"start":{"line":7,"column":16},"end":{"line":7,"column":44}},"18":{"start":{"line":8,"column":16},"end":{"line":8,"column":52}}},"fnMap":{"0":{"name":"(anonymous_0)","decl":{"start":{"line":6,"column":0},"end":{"line":6,"column":13}},"loc":{"start":{"line":6,"column":0},"end":{"line":67,"column":1}}},"1":{"name":"(anonymous_1)","decl":{"start":{"line":10,"column":28},"end":{"line":10,"column":29}},"loc":{"start":{"line":10,"column":70},"end":{"line":19,"column":3}}},"2":{"name":"(anonymous_2)","decl":{"start":{"line":21,"column":26},"end":{"line":21,"column":31}},"loc":{"start":{"line":21,"column":68},"end":{"line":21,"column":72}}},"3":{"name":"(anonymous_3)","decl":{"start":{"line":23,"column":32},"end":{"line":23,"column":37}},"loc":{"start":{"line":23,"column":91},"end":{"line":37,"column":3}}},"4":{"name":"(anonymous_4)","decl":{"start":{"line":39,"column":19},"end":{"line":39,"column":24}},"loc":{"start":{"line":39,"column":68},"end":{"line":60,"column":3}}},"5":{"name":"(anonymous_5)","decl":{"start":{"line":62,"column":22},"end":{"line":62,"column":27}},"loc":{"start":{"line":62,"column":73},"end":{"line":62,"column":77}}},"6":{"name":"(anonymous_6)","decl":{"start":{"line":64,"column":29},"end":{"line":64,"column":34}},"loc":{"start":{"line":64,"column":65},"end":{"line":64,"column":69}}},"7":{"name":"(anonymous_7)","decl":{"start":{"line":66,"column":33},"end":{"line":66,"column":38}},"loc":{"start":{"line":66,"column":59},"end":{"line":66,"column":63}}}},"branchMap":{"0":{"loc":{"start":{"line":24,"column":4},"end":{"line":36,"column":null}},"type":"if","locations":[{"start":{"line":24,"column":4},"end":{"line":36,"column":null}},{"start":{"line":26,"column":11},"end":{"line":36,"column":null}}]}},"s":{"0":8,"1":8,"2":0,"3":0,"4":8,"5":8,"6":2,"7":1,"8":1,"9":1,"10":8,"11":1,"12":1,"13":8,"14":8,"15":8,"16":8,"17":8,"18":8},"f":{"0":8,"1":0,"2":1,"3":2,"4":1,"5":1,"6":1,"7":1},"b":{"0":[1,1]}}
,"C:\\Users\\evand\\Desktop\\tecnico-shopper\\backend\\tests\\mocks\\IdGeneratorMock.ts": {"path":"C:\\Users\\evand\\Desktop\\tecnico-shopper\\backend\\tests\\mocks\\IdGeneratorMock.ts","statementMap":{"0":{"start":{"line":2,"column":9},"end":{"line":4,"column":null}},"1":{"start":{"line":3,"column":4},"end":{"line":3,"column":null}},"2":{"start":{"line":1,"column":0},"end":{"line":1,"column":13}}},"fnMap":{"0":{"name":"(anonymous_0)","decl":{"start":{"line":1,"column":0},"end":{"line":1,"column":13}},"loc":{"start":{"line":1,"column":0},"end":{"line":5,"column":1}}},"1":{"name":"(anonymous_1)","decl":{"start":{"line":2,"column":20},"end":{"line":2,"column":31}},"loc":{"start":{"line":2,"column":33},"end":{"line":4,"column":3}}}},"branchMap":{},"s":{"0":4,"1":4,"2":4},"f":{"0":4,"1":4},"b":{}}
,"C:\\Users\\evand\\Desktop\\tecnico-shopper\\backend\\tests\\mocks\\ProductsDatabaseMock.ts": {"path":"C:\\Users\\evand\\Desktop\\tecnico-shopper\\backend\\tests\\mocks\\ProductsDatabaseMock.ts","statementMap":{"0":{"start":{"line":1,"column":0},"end":{"line":1,"column":65}},"1":{"start":{"line":7,"column":9},"end":{"line":19,"column":null}},"2":{"start":{"line":8,"column":4},"end":{"line":18,"column":null}},"3":{"start":{"line":9,"column":6},"end":{"line":9,"column":null}},"4":{"start":{"line":11,"column":22},"end":{"line":16,"column":8}},"5":{"start":{"line":17,"column":6},"end":{"line":17,"column":null}},"6":{"start":{"line":21,"column":9},"end":{"line":51,"column":null}},"7":{"start":{"line":22,"column":23},"end":{"line":22,"column":39}},"8":{"start":{"line":23,"column":23},"end":{"line":23,"column":39}},"9":{"start":{"line":24,"column":25},"end":{"line":24,"column":43}},"10":{"start":{"line":25,"column":25},"end":{"line":25,"column":43}},"11":{"start":{"line":26,"column":19},"end":{"line":26,"column":31}},"12":{"start":{"line":27,"column":17},"end":{"line":27,"column":27}},"13":{"start":{"line":28,"column":18},"end":{"line":28,"column":29}},"14":{"start":{"line":30,"column":21},"end":{"line":49,"column":null}},"15":{"start":{"line":50,"column":4},"end":{"line":50,"column":null}},"16":{"start":{"line":53,"column":9},"end":{"line":53,"column":null}},"17":{"start":{"line":4,"column":0},"end":{"line":4,"column":13}},"18":{"start":{"line":5,"column":16},"end":{"line":5,"column":null}}},"fnMap":{"0":{"name":"(anonymous_0)","decl":{"start":{"line":4,"column":0},"end":{"line":4,"column":13}},"loc":{"start":{"line":4,"column":0},"end":{"line":54,"column":1}}},"1":{"name":"(anonymous_1)","decl":{"start":{"line":7,"column":27},"end":{"line":7,"column":32}},"loc":{"start":{"line":7,"column":89},"end":{"line":19,"column":3}}},"2":{"name":"(anonymous_2)","decl":{"start":{"line":21,"column":26},"end":{"line":21,"column":31}},"loc":{"start":{"line":21,"column":102},"end":{"line":51,"column":3}}},"3":{"name":"(anonymous_3)","decl":{"start":{"line":53,"column":32},"end":{"line":53,"column":37}},"loc":{"start":{"line":53,"column":81},"end":{"line":53,"column":85}}}},"branchMap":{"0":{"loc":{"start":{"line":8,"column":4},"end":{"line":18,"column":null}},"type":"if","locations":[{"start":{"line":8,"column":4},"end":{"line":18,"column":null}},{"start":{"line":10,"column":11},"end":{"line":18,"column":null}}]}},"s":{"0":9,"1":9,"2":5,"3":2,"4":3,"5":3,"6":9,"7":1,"8":1,"9":1,"10":1,"11":1,"12":1,"13":1,"14":1,"15":1,"16":9,"17":9,"18":9},"f":{"0":9,"1":5,"2":1,"3":1},"b":{"0":[2,3]}}
,"C:\\Users\\evand\\Desktop\\tecnico-shopper\\backend\\tests\\mocks\\PurchasesDatabaseMock.ts": {"path":"C:\\Users\\evand\\Desktop\\tecnico-shopper\\backend\\tests\\mocks\\PurchasesDatabaseMock.ts","statementMap":{"0":{"start":{"line":1,"column":0},"end":{"line":1,"column":65}},"1":{"start":{"line":9,"column":9},"end":{"line":19,"column":null}},"2":{"start":{"line":10,"column":41},"end":{"line":17,"column":null}},"3":{"start":{"line":18,"column":4},"end":{"line":18,"column":null}},"4":{"start":{"line":21,"column":9},"end":{"line":21,"column":null}},"5":{"start":{"line":23,"column":9},"end":{"line":35,"column":null}},"6":{"start":{"line":24,"column":19},"end":{"line":33,"column":null}},"7":{"start":{"line":34,"column":4},"end":{"line":34,"column":null}},"8":{"start":{"line":37,"column":9},"end":{"line":37,"column":null}},"9":{"start":{"line":39,"column":9},"end":{"line":56,"column":null}},"10":{"start":{"line":40,"column":19},"end":{"line":53,"column":null}},"11":{"start":{"line":55,"column":4},"end":{"line":55,"column":null}},"12":{"start":{"line":5,"column":0},"end":{"line":5,"column":13}},"13":{"start":{"line":6,"column":16},"end":{"line":6,"column":54}},"14":{"start":{"line":7,"column":16},"end":{"line":7,"column":52}}},"fnMap":{"0":{"name":"(anonymous_0)","decl":{"start":{"line":5,"column":0},"end":{"line":5,"column":13}},"loc":{"start":{"line":5,"column":0},"end":{"line":57,"column":1}}},"1":{"name":"(anonymous_1)","decl":{"start":{"line":9,"column":29},"end":{"line":9,"column":30}},"loc":{"start":{"line":9,"column":70},"end":{"line":19,"column":3}}},"2":{"name":"(anonymous_2)","decl":{"start":{"line":21,"column":23},"end":{"line":21,"column":28}},"loc":{"start":{"line":21,"column":64},"end":{"line":21,"column":68}}},"3":{"name":"(anonymous_3)","decl":{"start":{"line":23,"column":27},"end":{"line":23,"column":32}},"loc":{"start":{"line":23,"column":73},"end":{"line":35,"column":3}}},"4":{"name":"(anonymous_4)","decl":{"start":{"line":37,"column":26},"end":{"line":37,"column":31}},"loc":{"start":{"line":37,"column":62},"end":{"line":37,"column":66}}},"5":{"name":"(anonymous_5)","decl":{"start":{"line":39,"column":26},"end":{"line":39,"column":31}},"loc":{"start":{"line":39,"column":88},"end":{"line":56,"column":3}}}},"branchMap":{},"s":{"0":4,"1":4,"2":0,"3":0,"4":4,"5":4,"6":1,"7":1,"8":4,"9":4,"10":1,"11":1,"12":4,"13":4,"14":4},"f":{"0":4,"1":0,"2":1,"3":1,"4":1,"5":1},"b":{}}
}
