TN:
SF:src\business\CartBusiness.ts
FN:10,(anonymous_0)
FN:15,(anonymous_1)
FN:60,(anonymous_2)
FN:70,(anonymous_3)
FN:108,(anonymous_4)
FNF:5
FNH:5
FNDA:4,(anonymous_0)
FNDA:7,(anonymous_1)
FNDA:1,(anonymous_2)
FNDA:6,(anonymous_3)
FNDA:3,(anonymous_4)
DA:3,4
DA:4,4
DA:7,4
DA:9,4
DA:11,4
DA:12,4
DA:15,4
DA:16,7
DA:18,7
DA:19,1
DA:22,6
DA:23,1
DA:26,5
DA:27,1
DA:30,4
DA:31,1
DA:34,3
DA:35,1
DA:38,2
DA:39,2
DA:40,1
DA:43,1
DA:51,1
DA:53,1
DA:57,1
DA:60,4
DA:61,1
DA:63,1
DA:67,1
DA:70,4
DA:71,6
DA:73,6
DA:74,1
DA:77,5
DA:78,1
DA:81,4
DA:82,1
DA:85,3
DA:86,1
DA:89,2
DA:90,1
DA:93,1
DA:99,1
DA:101,1
DA:105,1
DA:108,4
DA:109,3
DA:110,1
DA:113,2
DA:114,2
DA:115,1
DA:118,1
DA:120,1
DA:124,1
LF:54
LH:54
BRDA:18,0,0,1
BRDA:22,1,0,1
BRDA:26,2,0,1
BRDA:30,3,0,1
BRDA:34,4,0,1
BRDA:39,5,0,1
BRDA:73,6,0,1
BRDA:77,7,0,1
BRDA:81,8,0,1
BRDA:85,9,0,1
BRDA:89,10,0,1
BRDA:109,11,0,1
BRDA:114,12,0,1
BRF:13
BRH:13
end_of_record
TN:
SF:src\business\ProductsBusiness.ts
FN:7,(anonymous_0)
FN:11,(anonymous_1)
FNF:2
FNH:2
FNDA:1,(anonymous_0)
FNDA:7,(anonymous_1)
DA:2,1
DA:6,1
DA:8,1
DA:11,1
DA:12,7
DA:13,7
DA:14,7
DA:15,7
DA:16,7
DA:17,7
DA:19,7
DA:20,1
DA:23,6
DA:24,1
DA:27,5
DA:28,1
DA:31,4
DA:32,1
DA:35,3
DA:36,1
DA:39,2
DA:40,1
DA:43,1
DA:44,1
DA:45,1
DA:46,0
DA:47,0
DA:49,1
DA:50,1
DA:53,1
DA:55,1
DA:65,1
DA:67,1
DA:71,1
LF:34
LH:32
BRDA:13,0,0,7
BRDA:13,0,1,1
BRDA:14,1,0,7
BRDA:14,1,1,6
BRDA:15,2,0,7
BRDA:15,2,1,0
BRDA:16,3,0,7
BRDA:16,3,1,0
BRDA:19,4,0,1
BRDA:23,5,0,1
BRDA:27,6,0,1
BRDA:31,7,0,1
BRDA:35,8,0,1
BRDA:39,9,0,1
BRDA:45,10,0,0
BRDA:45,10,1,1
BRDA:45,11,0,1
BRDA:45,11,1,1
BRDA:45,11,2,1
BRDA:45,11,3,1
BRF:20
BRH:17
end_of_record
TN:
SF:src\business\PurchasesBusiness.ts
FN:12,(anonymous_0)
FN:19,(anonymous_1)
FN:74,(anonymous_2)
FN:87,(anonymous_3)
FN:90,(anonymous_4)
FN:101,(anonymous_5)
FN:115,(anonymous_6)
FNF:7
FNH:7
FNDA:4,(anonymous_0)
FNDA:9,(anonymous_1)
FNDA:1,(anonymous_2)
FNDA:1,(anonymous_3)
FNDA:1,(anonymous_4)
FNDA:2,(anonymous_5)
FNDA:2,(anonymous_6)
DA:4,4
DA:5,4
DA:6,4
DA:9,4
DA:11,4
DA:13,4
DA:14,4
DA:15,4
DA:16,4
DA:19,4
DA:20,9
DA:22,9
DA:23,1
DA:26,8
DA:27,1
DA:30,7
DA:31,1
DA:34,6
DA:35,1
DA:38,5
DA:39,1
DA:42,4
DA:44,4
DA:45,1
DA:48,3
DA:50,3
DA:51,3
DA:52,3
DA:53,1
DA:56,2
DA:57,1
DA:61,1
DA:62,1
DA:63,1
DA:71,1
DA:74,1
DA:75,1
DA:78,1
DA:80,1
DA:84,1
DA:87,4
DA:88,1
DA:90,1
DA:91,1
DA:92,1
DA:94,1
DA:98,1
DA:101,4
DA:102,2
DA:103,1
DA:106,1
DA:108,1
DA:112,1
DA:115,4
DA:116,2
DA:117,1
DA:120,1
DA:122,1
DA:126,1
LF:59
LH:59
BRDA:22,0,0,1
BRDA:22,1,0,9
BRDA:22,1,1,8
BRDA:22,1,2,8
BRDA:26,2,0,1
BRDA:30,3,0,1
BRDA:34,4,0,1
BRDA:38,5,0,1
BRDA:44,6,0,1
BRDA:52,7,0,1
BRDA:56,8,0,1
BRDA:90,9,0,1
BRDA:90,9,1,1
BRDA:102,10,0,1
BRDA:116,11,0,1
BRF:15
BRH:15
end_of_record
TN:
SF:src\database\BaseDatabase.ts
FNF:0
FNH:0
DA:1,9
DA:2,9
DA:4,9
DA:6,9
DA:7,9
LF:5
LH:5
BRF:0
BRH:0
end_of_record
TN:
SF:src\errors\BaseError.ts
FN:2,(anonymous_0)
FNF:1
FNH:1
FNDA:29,(anonymous_0)
DA:1,9
DA:3,29
DA:6,29
LF:3
LH:3
BRF:0
BRH:0
end_of_record
TN:
SF:src\errors\ConflictError.ts
FN:4,(anonymous_0)
FNF:1
FNH:1
FNDA:1,(anonymous_0)
DA:1,4
DA:3,4
DA:7,1
LF:3
LH:3
BRDA:5,0,0,0
BRF:1
BRH:0
end_of_record
TN:
SF:src\errors\NotFoundError.ts
FN:4,(anonymous_0)
FNF:1
FNH:1
FNDA:3,(anonymous_0)
DA:1,8
DA:3,8
DA:7,3
LF:3
LH:3
BRDA:5,0,0,0
BRF:1
BRH:0
end_of_record
TN:
SF:src\errors\ParamsError.ts
FN:4,(anonymous_0)
FNF:1
FNH:1
FNDA:25,(anonymous_0)
DA:1,9
DA:3,9
DA:7,25
LF:3
LH:3
BRDA:5,0,0,0
BRF:1
BRH:0
end_of_record
TN:
SF:src\models\Product.ts
FN:10,(anonymous_0)
FN:18,(anonymous_1)
FN:22,(anonymous_2)
FN:26,(anonymous_3)
FN:30,(anonymous_4)
FN:34,(anonymous_5)
FNF:6
FNH:1
FNDA:1,(anonymous_0)
FNDA:0,(anonymous_1)
FNDA:0,(anonymous_2)
FNDA:0,(anonymous_3)
FNDA:0,(anonymous_4)
FNDA:0,(anonymous_5)
DA:9,4
DA:11,1
DA:12,1
DA:13,1
DA:14,1
DA:15,1
DA:18,1
DA:19,0
DA:22,1
DA:23,0
DA:26,1
DA:27,0
DA:30,1
DA:31,0
DA:34,1
DA:35,0
LF:16
LH:11
BRF:0
BRH:0
end_of_record
TN:
SF:src\models\Purchase.ts
FN:2,(anonymous_0)
FN:11,(anonymous_1)
FN:15,(anonymous_2)
FN:19,(anonymous_3)
FN:23,(anonymous_4)
FN:27,(anonymous_5)
FN:31,(anonymous_6)
FNF:7
FNH:1
FNDA:1,(anonymous_0)
FNDA:0,(anonymous_1)
FNDA:0,(anonymous_2)
FNDA:0,(anonymous_3)
FNDA:0,(anonymous_4)
FNDA:0,(anonymous_5)
FNDA:0,(anonymous_6)
DA:1,4
DA:3,1
DA:4,1
DA:5,1
DA:6,1
DA:7,1
DA:8,1
DA:11,1
DA:12,0
DA:15,1
DA:16,0
DA:19,1
DA:20,0
DA:23,1
DA:24,0
DA:27,1
DA:28,0
DA:31,1
DA:32,0
LF:19
LH:13
BRF:0
BRH:0
end_of_record
TN:
SF:tests\mocks\CartDatabaseMock.ts
FN:6,(anonymous_0)
FN:10,(anonymous_1)
FN:21,(anonymous_2)
FN:23,(anonymous_3)
FN:39,(anonymous_4)
FN:62,(anonymous_5)
FN:64,(anonymous_6)
FN:66,(anonymous_7)
FNF:8
FNH:7
FNDA:8,(anonymous_0)
FNDA:0,(anonymous_1)
FNDA:1,(anonymous_2)
FNDA:2,(anonymous_3)
FNDA:1,(anonymous_4)
FNDA:1,(anonymous_5)
FNDA:1,(anonymous_6)
FNDA:1,(anonymous_7)
DA:1,8
DA:6,8
DA:7,8
DA:8,8
DA:10,8
DA:11,0
DA:18,0
DA:21,8
DA:23,8
DA:24,2
DA:25,1
DA:27,1
DA:35,1
DA:39,8
DA:40,1
DA:59,1
DA:62,8
DA:64,8
DA:66,8
LF:19
LH:17
BRDA:24,0,0,1
BRDA:24,0,1,1
BRF:2
BRH:2
end_of_record
TN:
SF:tests\mocks\IdGeneratorMock.ts
FN:1,(anonymous_0)
FN:2,(anonymous_1)
FNF:2
FNH:2
FNDA:4,(anonymous_0)
FNDA:4,(anonymous_1)
DA:1,4
DA:2,4
DA:3,4
LF:3
LH:3
BRF:0
BRH:0
end_of_record
TN:
SF:tests\mocks\ProductsDatabaseMock.ts
FN:4,(anonymous_0)
FN:7,(anonymous_1)
FN:21,(anonymous_2)
FN:53,(anonymous_3)
FNF:4
FNH:4
FNDA:9,(anonymous_0)
FNDA:5,(anonymous_1)
FNDA:1,(anonymous_2)
FNDA:1,(anonymous_3)
DA:1,9
DA:4,9
DA:5,9
DA:7,9
DA:8,5
DA:9,2
DA:11,3
DA:17,3
DA:21,9
DA:22,1
DA:23,1
DA:24,1
DA:25,1
DA:26,1
DA:27,1
DA:28,1
DA:30,1
DA:50,1
DA:53,9
LF:19
LH:19
BRDA:8,0,0,2
BRDA:8,0,1,3
BRF:2
BRH:2
end_of_record
TN:
SF:tests\mocks\PurchasesDatabaseMock.ts
FN:5,(anonymous_0)
FN:9,(anonymous_1)
FN:21,(anonymous_2)
FN:23,(anonymous_3)
FN:37,(anonymous_4)
FN:39,(anonymous_5)
FNF:6
FNH:5
FNDA:4,(anonymous_0)
FNDA:0,(anonymous_1)
FNDA:1,(anonymous_2)
FNDA:1,(anonymous_3)
FNDA:1,(anonymous_4)
FNDA:1,(anonymous_5)
DA:1,4
DA:5,4
DA:6,4
DA:7,4
DA:9,4
DA:10,0
DA:18,0
DA:21,4
DA:23,4
DA:24,1
DA:34,1
DA:37,4
DA:39,4
DA:40,1
DA:55,1
LF:15
LH:13
BRF:0
BRH:0
end_of_record
